<?xml version="1.0" encoding="UTF-8"?>
<!-- Generated by org.testng.reporters.JUnitXMLReporter -->
<testsuite hostname="ojas-dd588" ignored="0" name="ChromeTest" tests="1" failures="0" timestamp="20 Mar 2023 09:50:54 GMT" time="0.017" errors="0">
  <testcase name="@BeforeTest beforemethod" time="0.0" classname="Base.BaseTest">
    <failure type="java.lang.IllegalArgumentException" message="wrong number of arguments">
      <![CDATA[java.lang.IllegalArgumentException: wrong number of arguments
... Removed 23 stack frames]]>
    </failure>
  </testcase> <!-- @BeforeTest beforemethod -->
  <testcase name="@AfterTest afterMethod" time="0.0" classname="Base.BaseTest">
    <skipped/>
  </testcase> <!-- @AfterTest afterMethod -->
  <testcase name="samplemethodLogin" time="0.002" classname="qaTest.TestScript">
    <skipped/>
  </testcase> <!-- samplemethodLogin -->
</testsuite> <!-- ChromeTest -->
